app/build/intermediates/manifest_merge_blame_file/debug/manifest-merger-blame-debug-report.txt
1<?xml version="1.0" encoding="utf-8"?>
2<manifest xmlns:android="http://schemas.android.com/apk/res/android"
3    package="com.NotesUAS_10120202"
4    android:versionCode="1"
5    android:versionName="1.0" >
6
7    <uses-sdk
8        android:minSdkVersion="28"
8-->src\main\AndroidManifest.xml
9        android:targetSdkVersion="33" />
9-->src\main\AndroidManifest.xml
10
11    <uses-permission android:name="android.permission.INTERNET" />
11-->[com.firebaseui:firebase-ui-database:8.0.0] AndroidManifest.xml:9:5-67
11-->[com.firebaseui:firebase-ui-database:8.0.0] AndroidManifest.xml:9:22-64
12    <uses-permission android:name="android.permission.ACCESS_NETWORK_STATE" />
12-->[com.google.firebase:firebase-auth:22.1.1] AndroidManifest.xml:26:5-79
12-->[com.google.firebase:firebase-auth:22.1.1] AndroidManifest.xml:26:22-76
13
14    <permission
14-->[androidx.core:core:1.9.0] AndroidManifest.xml:22:5-24:47
15        android:name="com.NotesUAS_10120202.DYNAMIC_RECEIVER_NOT_EXPORTED_PERMISSION"
15-->[androidx.core:core:1.9.0] AndroidManifest.xml:23:9-81
16        android:protectionLevel="signature" />
16-->[androidx.core:core:1.9.0] AndroidManifest.xml:24:9-44
17
18    <uses-permission android:name="com.NotesUAS_10120202.DYNAMIC_RECEIVER_NOT_EXPORTED_PERMISSION" />
18-->[androidx.core:core:1.9.0] AndroidManifest.xml:26:5-97
18-->[androidx.core:core:1.9.0] AndroidManifest.xml:26:22-94
19
20    <application
20-->src\main\AndroidManifest.xml:5:5-38:19
21        android:allowBackup="true"
21-->src\main\AndroidManifest.xml:6:9-35
22        android:appComponentFactory="androidx.core.app.CoreComponentFactory"
22-->[androidx.core:core:1.9.0] AndroidManifest.xml:28:18-86
23        android:debuggable="true"
24        android:extractNativeLibs="false"
25        android:icon="@mipmap/ic_launcher"
25-->src\main\AndroidManifest.xml:7:9-43
26        android:label="@string/app_name"
26-->src\main\AndroidManifest.xml:8:9-41
27        android:roundIcon="@mipmap/ic_launcher_round"
27-->src\main\AndroidManifest.xml:9:9-54
28        android:supportsRtl="true"
28-->src\main\AndroidManifest.xml:10:9-35
29        android:theme="@style/AppTheme" >
29-->src\main\AndroidManifest.xml:11:9-40
30        <activity
30-->src\main\AndroidManifest.xml:12:9-14:40
31            android:name="com.NotesUAS_10120202.view.activity.EditNoteActivity"
31-->src\main\AndroidManifest.xml:13:13-80
32            android:exported="false" />
32-->src\main\AndroidManifest.xml:14:13-37
33        <activity
33-->src\main\AndroidManifest.xml:15:9-17:40
34            android:name="com.NotesUAS_10120202.view.activity.RegisterActivity"
34-->src\main\AndroidManifest.xml:16:13-80
35            android:exported="false" />
35-->src\main\AndroidManifest.xml:17:13-37
36        <activity
36-->src\main\AndroidManifest.xml:18:9-20:40
37            android:name="com.NotesUAS_10120202.view.activity.LoginActivity"
37-->src\main\AndroidManifest.xml:19:13-77
38            android:exported="false" />
38-->src\main\AndroidManifest.xml:20:13-37
39        <activity
39-->src\main\AndroidManifest.xml:21:9-23:68
40            android:name="com.NotesUAS_10120202.view.activity.AddNoteActivity"
40-->src\main\AndroidManifest.xml:22:13-79
41            android:theme="@style/Theme.Toolbar.ToolBarActivity" />
41-->src\main\AndroidManifest.xml:23:13-65
42        <activity android:name="com.NotesUAS_10120202.view.activity.MainActivity" />
42-->src\main\AndroidManifest.xml:24:9-85
42-->src\main\AndroidManifest.xml:24:19-82
43        <activity
43-->src\main\AndroidManifest.xml:25:9-33:20
44            android:name="com.NotesUAS_10120202.view.activity.SplashActivity"
44-->src\main\AndroidManifest.xml:26:13-78
45            android:exported="true" >
45-->src\main\AndroidManifest.xml:27:13-36
46            <intent-filter>
46-->src\main\AndroidManifest.xml:28:13-32:29
47                <action android:name="android.intent.action.MAIN" />
47-->src\main\AndroidManifest.xml:29:17-69
47-->src\main\AndroidManifest.xml:29:25-66
48
49                <category android:name="android.intent.category.LAUNCHER" />
49-->src\main\AndroidManifest.xml:31:17-77
49-->src\main\AndroidManifest.xml:31:27-74
50            </intent-filter>
51        </activity>
52
53        <meta-data
53-->src\main\AndroidManifest.xml:35:9-37:57
54            android:name="preloaded_fonts"
54-->src\main\AndroidManifest.xml:36:13-43
55            android:resource="@array/preloaded_fonts" />
55-->src\main\AndroidManifest.xml:37:13-54
56
57        <activity
57-->[com.google.firebase:firebase-auth:22.1.1] AndroidManifest.xml:29:9-46:20
58            android:name="com.google.firebase.auth.internal.GenericIdpActivity"
58-->[com.google.firebase:firebase-auth:22.1.1] AndroidManifest.xml:30:13-80
59            android:excludeFromRecents="true"
59-->[com.google.firebase:firebase-auth:22.1.1] AndroidManifest.xml:31:13-46
60            android:exported="true"
60-->[com.google.firebase:firebase-auth:22.1.1] AndroidManifest.xml:32:13-36
61            android:launchMode="singleTask"
61-->[com.google.firebase:firebase-auth:22.1.1] AndroidManifest.xml:33:13-44
62            android:theme="@android:style/Theme.Translucent.NoTitleBar" >
62-->[com.google.firebase:firebase-auth:22.1.1] AndroidManifest.xml:34:13-72
63            <intent-filter>
63-->[com.google.firebase:firebase-auth:22.1.1] AndroidManifest.xml:35:13-45:29
64                <action android:name="android.intent.action.VIEW" />
64-->[com.google.firebase:firebase-auth:22.1.1] AndroidManifest.xml:36:17-69
64-->[com.google.firebase:firebase-auth:22.1.1] AndroidManifest.xml:36:25-66
65
66                <category android:name="android.intent.category.DEFAULT" />
66-->[com.google.firebase:firebase-auth:22.1.1] AndroidManifest.xml:38:17-76
66-->[com.google.firebase:firebase-auth:22.1.1] AndroidManifest.xml:38:27-73
67                <category android:name="android.intent.category.BROWSABLE" />
67-->[com.google.firebase:firebase-auth:22.1.1] AndroidManifest.xml:39:17-78
67-->[com.google.firebase:firebase-auth:22.1.1] AndroidManifest.xml:39:27-75
68
69                <data
69-->[com.google.firebase:firebase-auth:22.1.1] AndroidManifest.xml:41:17-44:51
70                    android:host="firebase.auth"
70-->[com.google.firebase:firebase-auth:22.1.1] AndroidManifest.xml:42:21-49
71                    android:path="/"
71-->[com.google.firebase:firebase-auth:22.1.1] AndroidManifest.xml:43:21-37
72                    android:scheme="genericidp" />
72-->[com.google.firebase:firebase-auth:22.1.1] AndroidManifest.xml:44:21-48
73            </intent-filter>
74        </activity>
75        <activity
75-->[com.google.firebase:firebase-auth:22.1.1] AndroidManifest.xml:47:9-64:20
76            android:name="com.google.firebase.auth.internal.RecaptchaActivity"
76-->[com.google.firebase:firebase-auth:22.1.1] AndroidManifest.xml:48:13-79
77            android:excludeFromRecents="true"
77-->[com.google.firebase:firebase-auth:22.1.1] AndroidManifest.xml:49:13-46
78            android:exported="true"
78-->[com.google.firebase:firebase-auth:22.1.1] AndroidManifest.xml:50:13-36
79            android:launchMode="singleTask"
79-->[com.google.firebase:firebase-auth:22.1.1] AndroidManifest.xml:51:13-44
80            android:theme="@android:style/Theme.Translucent.NoTitleBar" >
80-->[com.google.firebase:firebase-auth:22.1.1] AndroidManifest.xml:52:13-72
81            <intent-filter>
81-->[com.google.firebase:firebase-auth:22.1.1] AndroidManifest.xml:53:13-63:29
82                <action android:name="android.intent.action.VIEW" />
82-->[com.google.firebase:firebase-auth:22.1.1] AndroidManifest.xml:36:17-69
82-->[com.google.firebase:firebase-auth:22.1.1] AndroidManifest.xml:36:25-66
83
84                <category android:name="android.intent.category.DEFAULT" />
84-->[com.google.firebase:firebase-auth:22.1.1] AndroidManifest.xml:38:17-76
84-->[com.google.firebase:firebase-auth:22.1.1] AndroidManifest.xml:38:27-73
85                <category android:name="android.intent.category.BROWSABLE" />
85-->[com.google.firebase:firebase-auth:22.1.1] AndroidManifest.xml:39:17-78
85-->[com.google.firebase:firebase-auth:22.1.1] AndroidManifest.xml:39:27-75
86
87                <data
87-->[com.google.firebase:firebase-auth:22.1.1] AndroidManifest.xml:41:17-44:51
88                    android:host="firebase.auth"
88-->[com.google.firebase:firebase-auth:22.1.1] AndroidManifest.xml:42:21-49
89                    android:path="/"
89-->[com.google.firebase:firebase-auth:22.1.1] AndroidManifest.xml:43:21-37
90                    android:scheme="recaptcha" />
90-->[com.google.firebase:firebase-auth:22.1.1] AndroidManifest.xml:44:21-48
91            </intent-filter>
92        </activity>
93
94        <service
94-->[com.google.firebase:firebase-auth:22.1.1] AndroidManifest.xml:66:9-72:19
95            android:name="com.google.firebase.components.ComponentDiscoveryService"
95-->[com.google.firebase:firebase-auth:22.1.1] AndroidManifest.xml:67:13-84
96            android:directBootAware="true"
96-->[com.google.firebase:firebase-common:20.3.3] AndroidManifest.xml:34:13-43
97            android:exported="false" >
97-->[com.google.firebase:firebase-auth:22.1.1] AndroidManifest.xml:68:13-37
98            <meta-data
98-->[com.google.firebase:firebase-auth:22.1.1] AndroidManifest.xml:69:13-71:85
99                android:name="com.google.firebase.components:com.google.firebase.auth.FirebaseAuthRegistrar"
99-->[com.google.firebase:firebase-auth:22.1.1] AndroidManifest.xml:70:17-109
100                android:value="com.google.firebase.components.ComponentRegistrar" />
100-->[com.google.firebase:firebase-auth:22.1.1] AndroidManifest.xml:71:17-82
101            <meta-data
101-->[com.google.firebase:firebase-database:20.2.2] AndroidManifest.xml:31:13-33:85
102                android:name="com.google.firebase.components:com.google.firebase.database.DatabaseRegistrar"
102-->[com.google.firebase:firebase-database:20.2.2] AndroidManifest.xml:32:17-109
103                android:value="com.google.firebase.components.ComponentRegistrar" />
103-->[com.google.firebase:firebase-database:20.2.2] AndroidManifest.xml:33:17-82
104        </service>
105
106        <activity
106-->[com.google.android.gms:play-services-auth:20.6.0] AndroidManifest.xml:23:9-27:75
107            android:name="com.google.android.gms.auth.api.signin.internal.SignInHubActivity"
107-->[com.google.android.gms:play-services-auth:20.6.0] AndroidManifest.xml:24:13-93
108            android:excludeFromRecents="true"
108-->[com.google.android.gms:play-services-auth:20.6.0] AndroidManifest.xml:25:13-46
109            android:exported="false"
109-->[com.google.android.gms:play-services-auth:20.6.0] AndroidManifest.xml:26:13-37
110            android:theme="@android:style/Theme.Translucent.NoTitleBar" />
110-->[com.google.android.gms:play-services-auth:20.6.0] AndroidManifest.xml:27:13-72
111        <!--
112            Service handling Google Sign-In user revocation. For apps that do not integrate with
113            Google Sign-In, this service will never be started.
114        -->
115        <service
115-->[com.google.android.gms:play-services-auth:20.6.0] AndroidManifest.xml:33:9-37:51
116            android:name="com.google.android.gms.auth.api.signin.RevocationBoundService"
116-->[com.google.android.gms:play-services-auth:20.6.0] AndroidManifest.xml:34:13-89
117            android:exported="true"
117-->[com.google.android.gms:play-services-auth:20.6.0] AndroidManifest.xml:35:13-36
118            android:permission="com.google.android.gms.auth.api.signin.permission.REVOCATION_NOTIFICATION"
118-->[com.google.android.gms:play-services-auth:20.6.0] AndroidManifest.xml:36:13-107
119            android:visibleToInstantApps="true" />
119-->[com.google.android.gms:play-services-auth:20.6.0] AndroidManifest.xml:37:13-48
120
121        <activity
121-->[com.google.android.gms:play-services-base:18.1.0] AndroidManifest.xml:20:9-22:45
122            android:name="com.google.android.gms.common.api.GoogleApiActivity"
122-->[com.google.android.gms:play-services-base:18.1.0] AndroidManifest.xml:20:19-85
123            android:exported="false"
123-->[com.google.android.gms:play-services-base:18.1.0] AndroidManifest.xml:22:19-43
124            android:theme="@android:style/Theme.Translucent.NoTitleBar" />
124-->[com.google.android.gms:play-services-base:18.1.0] AndroidManifest.xml:21:19-78
125
126        <provider
126-->[com.google.firebase:firebase-common:20.3.3] AndroidManifest.xml:25:9-30:39
127            android:name="com.google.firebase.provider.FirebaseInitProvider"
127-->[com.google.firebase:firebase-common:20.3.3] AndroidManifest.xml:26:13-77
128            android:authorities="com.NotesUAS_10120202.firebaseinitprovider"
128-->[com.google.firebase:firebase-common:20.3.3] AndroidManifest.xml:27:13-72
129            android:directBootAware="true"
129-->[com.google.firebase:firebase-common:20.3.3] AndroidManifest.xml:28:13-43
130            android:exported="false"
130-->[com.google.firebase:firebase-common:20.3.3] AndroidManifest.xml:29:13-37
131            android:initOrder="100" />
131-->[com.google.firebase:firebase-common:20.3.3] AndroidManifest.xml:30:13-36
132
133        <meta-data
133-->[com.google.android.gms:play-services-basement:18.2.0] AndroidManifest.xml:21:9-23:69
134            android:name="com.google.android.gms.version"
134-->[com.google.android.gms:play-services-basement:18.2.0] AndroidManifest.xml:22:13-58
135            android:value="@integer/google_play_services_version" />
135-->[com.google.android.gms:play-services-basement:18.2.0] AndroidManifest.xml:23:13-66
136
137        <provider
137-->[androidx.emoji2:emoji2:1.2.0] AndroidManifest.xml:24:9-32:20
138            android:name="androidx.startup.InitializationProvider"
138-->[androidx.emoji2:emoji2:1.2.0] AndroidManifest.xml:25:13-67
139            android:authorities="com.NotesUAS_10120202.androidx-startup"
139-->[androidx.emoji2:emoji2:1.2.0] AndroidManifest.xml:26:13-68
140            android:exported="false" >
140-->[androidx.emoji2:emoji2:1.2.0] AndroidManifest.xml:27:13-37
141            <meta-data
141-->[androidx.emoji2:emoji2:1.2.0] AndroidManifest.xml:29:13-31:52
142                android:name="androidx.emoji2.text.EmojiCompatInitializer"
142-->[androidx.emoji2:emoji2:1.2.0] AndroidManifest.xml:30:17-75
143                android:value="androidx.startup" />
143-->[androidx.emoji2:emoji2:1.2.0] AndroidManifest.xml:31:17-49
144            <meta-data
144-->[androidx.lifecycle:lifecycle-process:2.6.1] AndroidManifest.xml:29:13-31:52
145                android:name="androidx.lifecycle.ProcessLifecycleInitializer"
145-->[androidx.lifecycle:lifecycle-process:2.6.1] AndroidManifest.xml:30:17-78
146                android:value="androidx.startup" />
146-->[androidx.lifecycle:lifecycle-process:2.6.1] AndroidManifest.xml:31:17-49
147            <meta-data
147-->[androidx.profileinstaller:profileinstaller:1.3.0] AndroidManifest.xml:29:13-31:52
148                android:name="androidx.profileinstaller.ProfileInstallerInitializer"
148-->[androidx.profileinstaller:profileinstaller:1.3.0] AndroidManifest.xml:30:17-85
149                android:value="androidx.startup" />
149-->[androidx.profileinstaller:profileinstaller:1.3.0] AndroidManifest.xml:31:17-49
150        </provider>
151
152        <uses-library
152-->[androidx.window:window:1.0.0] AndroidManifest.xml:25:9-27:40
153            android:name="androidx.window.extensions"
153-->[androidx.window:window:1.0.0] AndroidManifest.xml:26:13-54
154            android:required="false" />
154-->[androidx.window:window:1.0.0] AndroidManifest.xml:27:13-37
155        <uses-library
155-->[androidx.window:window:1.0.0] AndroidManifest.xml:28:9-30:40
156            android:name="androidx.window.sidecar"
156-->[androidx.window:window:1.0.0] AndroidManifest.xml:29:13-51
157            android:required="false" />
157-->[androidx.window:window:1.0.0] AndroidManifest.xml:30:13-37
158
159        <receiver
159-->[androidx.profileinstaller:profileinstaller:1.3.0] AndroidManifest.xml:34:9-52:20
160            android:name="androidx.profileinstaller.ProfileInstallReceiver"
160-->[androidx.profileinstaller:profileinstaller:1.3.0] AndroidManifest.xml:35:13-76
161            android:directBootAware="false"
161-->[androidx.profileinstaller:profileinstaller:1.3.0] AndroidManifest.xml:36:13-44
162            android:enabled="true"
162-->[androidx.profileinstaller:profileinstaller:1.3.0] AndroidManifest.xml:37:13-35
163            android:exported="true"
163-->[androidx.profileinstaller:profileinstaller:1.3.0] AndroidManifest.xml:38:13-36
164            android:permission="android.permission.DUMP" >
164-->[androidx.profileinstaller:profileinstaller:1.3.0] AndroidManifest.xml:39:13-57
165            <intent-filter>
165-->[androidx.profileinstaller:profileinstaller:1.3.0] AndroidManifest.xml:40:13-42:29
166                <action android:name="androidx.profileinstaller.action.INSTALL_PROFILE" />
166-->[androidx.profileinstaller:profileinstaller:1.3.0] AndroidManifest.xml:41:17-91
166-->[androidx.profileinstaller:profileinstaller:1.3.0] AndroidManifest.xml:41:25-88
167            </intent-filter>
168            <intent-filter>
168-->[androidx.profileinstaller:profileinstaller:1.3.0] AndroidManifest.xml:43:13-45:29
169                <action android:name="androidx.profileinstaller.action.SKIP_FILE" />
169-->[androidx.profileinstaller:profileinstaller:1.3.0] AndroidManifest.xml:44:17-85
169-->[androidx.profileinstaller:profileinstaller:1.3.0] AndroidManifest.xml:44:25-82
170            </intent-filter>
171            <intent-filter>
171-->[androidx.profileinstaller:profileinstaller:1.3.0] AndroidManifest.xml:46:13-48:29
172                <action android:name="androidx.profileinstaller.action.SAVE_PROFILE" />
172-->[androidx.profileinstaller:profileinstaller:1.3.0] AndroidManifest.xml:47:17-88
172-->[androidx.profileinstaller:profileinstaller:1.3.0] AndroidManifest.xml:47:25-85
173            </intent-filter>
174            <intent-filter>
174-->[androidx.profileinstaller:profileinstaller:1.3.0] AndroidManifest.xml:49:13-51:29
175                <action android:name="androidx.profileinstaller.action.BENCHMARK_OPERATION" />
175-->[androidx.profileinstaller:profileinstaller:1.3.0] AndroidManifest.xml:50:17-95
175-->[androidx.profileinstaller:profileinstaller:1.3.0] AndroidManifest.xml:50:25-92
176            </intent-filter>
177        </receiver>
178    </application>
179
180</manifest>